{"/Users/billymorrison/Documents/Projects/cruise-ships/src/itinerary.js": {"path":"/Users/billymorrison/Documents/Projects/cruise-ships/src/itinerary.js","statementMap":{"0":{"start":{"line":3,"column":8},"end":{"line":3,"column":27}},"1":{"start":{"line":7,"column":0},"end":{"line":7,"column":27}}},"fnMap":{"0":{"name":"(anonymous_0)","decl":{"start":{"line":2,"column":4},"end":{"line":2,"column":5}},"loc":{"start":{"line":2,"column":23},"end":{"line":4,"column":5}},"line":2}},"branchMap":{},"s":{"0":2,"1":2},"f":{"0":2},"b":{},"_coverageSchema":"1a1c01bbd47fc00a2c39e90264f33305004495a9","hash":"c3f3c48521a4a7b38fae32feb3fca74762461621"}
,"/Users/billymorrison/Documents/Projects/cruise-ships/src/port.js": {"path":"/Users/billymorrison/Documents/Projects/cruise-ships/src/port.js","statementMap":{"0":{"start":{"line":3,"column":8},"end":{"line":3,"column":25}},"1":{"start":{"line":4,"column":8},"end":{"line":4,"column":24}},"2":{"start":{"line":8,"column":8},"end":{"line":8,"column":35}},"3":{"start":{"line":12,"column":8},"end":{"line":12,"column":61}},"4":{"start":{"line":16,"column":0},"end":{"line":16,"column":22}}},"fnMap":{"0":{"name":"(anonymous_0)","decl":{"start":{"line":2,"column":4},"end":{"line":2,"column":5}},"loc":{"start":{"line":2,"column":22},"end":{"line":5,"column":5}},"line":2},"1":{"name":"(anonymous_1)","decl":{"start":{"line":7,"column":4},"end":{"line":7,"column":5}},"loc":{"start":{"line":7,"column":24},"end":{"line":9,"column":5}},"line":7},"2":{"name":"(anonymous_2)","decl":{"start":{"line":11,"column":4},"end":{"line":11,"column":5}},"loc":{"start":{"line":11,"column":27},"end":{"line":13,"column":5}},"line":11}},"branchMap":{},"s":{"0":5,"1":5,"2":8,"3":3,"4":3},"f":{"0":5,"1":8,"2":3},"b":{},"_coverageSchema":"1a1c01bbd47fc00a2c39e90264f33305004495a9","hash":"3921ccbefc4b6675002608743a6641518f34cc4a"}
,"/Users/billymorrison/Documents/Projects/cruise-ships/src/ship.js": {"path":"/Users/billymorrison/Documents/Projects/cruise-ships/src/ship.js","statementMap":{"0":{"start":{"line":3,"column":8},"end":{"line":3,"column":34}},"1":{"start":{"line":4,"column":8},"end":{"line":4,"column":46}},"2":{"start":{"line":5,"column":8},"end":{"line":5,"column":33}},"3":{"start":{"line":6,"column":8},"end":{"line":6,"column":39}},"4":{"start":{"line":10,"column":24},"end":{"line":10,"column":38}},"5":{"start":{"line":11,"column":26},"end":{"line":11,"column":49}},"6":{"start":{"line":13,"column":8},"end":{"line":15,"column":9}},"7":{"start":{"line":14,"column":12},"end":{"line":14,"column":69}},"8":{"start":{"line":17,"column":8},"end":{"line":17,"column":45}},"9":{"start":{"line":18,"column":8},"end":{"line":18,"column":32}},"10":{"start":{"line":19,"column":8},"end":{"line":19,"column":43}},"11":{"start":{"line":23,"column":24},"end":{"line":23,"column":38}},"12":{"start":{"line":24,"column":8},"end":{"line":24,"column":91}},"13":{"start":{"line":25,"column":8},"end":{"line":25,"column":39}},"14":{"start":{"line":29,"column":0},"end":{"line":29,"column":22}}},"fnMap":{"0":{"name":"(anonymous_0)","decl":{"start":{"line":2,"column":4},"end":{"line":2,"column":5}},"loc":{"start":{"line":2,"column":27},"end":{"line":7,"column":5}},"line":2},"1":{"name":"(anonymous_1)","decl":{"start":{"line":9,"column":4},"end":{"line":9,"column":5}},"loc":{"start":{"line":9,"column":14},"end":{"line":20,"column":5}},"line":9},"2":{"name":"(anonymous_2)","decl":{"start":{"line":22,"column":4},"end":{"line":22,"column":5}},"loc":{"start":{"line":22,"column":11},"end":{"line":26,"column":5}},"line":22}},"branchMap":{"0":{"loc":{"start":{"line":13,"column":8},"end":{"line":15,"column":9}},"type":"if","locations":[{"start":{"line":13,"column":8},"end":{"line":15,"column":9}},{"start":{"line":13,"column":8},"end":{"line":15,"column":9}}],"line":13},"1":{"loc":{"start":{"line":24,"column":27},"end":{"line":24,"column":90}},"type":"binary-expr","locations":[{"start":{"line":24,"column":27},"end":{"line":24,"column":43}},{"start":{"line":24,"column":47},"end":{"line":24,"column":90}}],"line":24}},"s":{"0":5,"1":5,"2":5,"3":5,"4":3,"5":3,"6":3,"7":1,"8":2,"9":2,"10":2,"11":2,"12":2,"13":2,"14":1},"f":{"0":5,"1":3,"2":2},"b":{"0":[1,2],"1":[2,1]},"_coverageSchema":"1a1c01bbd47fc00a2c39e90264f33305004495a9","hash":"ec5b2b1e757a12f193fb499dac1edd831d5d13e4"}
}
